<?xml version="1.0" encoding="UTF-8"?>
<!-- Generated by org.testng.reporters.JUnitReportReporter -->
<testsuite hostname="DESKTOP-SB83BL7" failures="0" tests="2" name="Demo.Test2" time="0.023" errors="0" timestamp="2023-08-07T20:29:14 IST" skipped="0">
  <testcase classname="Demo.Test2" name="method1" time="0.007"/>
  <testcase classname="Demo.Test2" name="method2" time="0.016"/>
</testsuite> <!-- Demo.Test2 -->
