<?xml version="1.0" encoding="UTF-8"?>
<!-- Generated by org.testng.reporters.JUnitReportReporter -->
<testsuite hostname="DESKTOP-SB83BL7" failures="0" tests="3" name="Demo.prioritiesInTestNG" time="0.032" errors="0" timestamp="2023-08-07T20:29:14 IST" skipped="0">
  <testcase classname="Demo.prioritiesInTestNG" name="method3" time="0.015"/>
  <testcase classname="Demo.prioritiesInTestNG" name="method2" time="0.012"/>
  <testcase classname="Demo.prioritiesInTestNG" name="method1" time="0.005"/>
</testsuite> <!-- Demo.prioritiesInTestNG -->
