<?xml version="1.0" encoding="UTF-8"?>
<!-- Generated by org.testng.reporters.JUnitReportReporter -->
<testsuite hostname="DESKTOP-SB83BL7" failures="0" tests="4" name="TestNGpackage.TestNGBasicprogram" time="0.034" errors="0" timestamp="2023-08-06T20:40:47 IST" skipped="0">
  <testcase classname="TestNGpackage.TestNGBasicprogram" name="method1" time="0.022"/>
  <testcase classname="TestNGpackage.TestNGBasicprogram" name="method4" time="0.004"/>
  <testcase classname="TestNGpackage.TestNGBasicprogram" name="method3" time="0.003"/>
  <testcase classname="TestNGpackage.TestNGBasicprogram" name="method2" time="0.005"/>
</testsuite> <!-- TestNGpackage.TestNGBasicprogram -->
