<?xml version="1.0" encoding="UTF-8"?>
<!-- Generated by org.testng.reporters.JUnitReportReporter -->
<testsuite hostname="DESKTOP-SB83BL7" failures="0" tests="2" name="TestNGpackage.Test1" time="0.044" errors="0" timestamp="2023-08-07T20:29:14 IST" skipped="0">
  <testcase classname="TestNGpackage.Test1" name="method3" time="0.024"/>
  <testcase classname="TestNGpackage.Test1" name="method4" time="0.020"/>
</testsuite> <!-- TestNGpackage.Test1 -->
