<?xml version="1.0" encoding="UTF-8"?>
<!-- Generated by org.testng.reporters.JUnitReportReporter -->
<testsuite hostname="DESKTOP-SB83BL7" failures="0" tests="3" name="Demo.groupsInTestNG" time="0.031" errors="0" timestamp="2023-08-07T21:40:28 IST" skipped="0">
  <testcase classname="Demo.groupsInTestNG" name="method3" time="0.006"/>
  <testcase classname="Demo.groupsInTestNG" name="method1" time="0.020"/>
  <testcase classname="Demo.groupsInTestNG" name="method2" time="0.005"/>
</testsuite> <!-- Demo.groupsInTestNG -->
