<?xml version="1.0" encoding="UTF-8"?>
<!-- Generated by org.testng.reporters.JUnitReportReporter -->
<testsuite hostname="DESKTOP-SB83BL7" failures="0" tests="4" name="TestNGpackage.Test2" time="0.063" errors="0" timestamp="2023-08-07T17:31:23 IST" skipped="0">
  <testcase classname="TestNGpackage.Test2" name="method1" time="0.033"/>
  <testcase classname="TestNGpackage.Test2" name="method4" time="0.008"/>
  <testcase classname="TestNGpackage.Test2" name="method3" time="0.010"/>
  <testcase classname="TestNGpackage.Test2" name="method2" time="0.012"/>
</testsuite> <!-- TestNGpackage.Test2 -->
