<?xml version="1.0" encoding="UTF-8"?>
<!-- Generated by org.testng.reporters.JUnitReportReporter -->
<testsuite hostname="DESKTOP-SB83BL7" failures="0" tests="2" name="Demo.dataProvidersInTestNG" time="0.047" errors="0" timestamp="2023-08-12T17:16:38 IST" skipped="0">
  <testcase classname="Demo.dataProvidersInTestNG" name="method" time="0.030"/>
  <testcase classname="Demo.dataProvidersInTestNG" name="method" time="0.017"/>
</testsuite> <!-- Demo.dataProvidersInTestNG -->
